<?xml version="1.0" encoding="UTF-8"?>
<!-- Generated by org.testng.reporters.JUnitReportReporter -->
<testsuite hostname="LIN-PG02LRAW" failures="0" tests="2" name="day44.PaymentTest" time="0.012" errors="0" timestamp="2024-12-23T16:08:51 IST" skipped="0">
  <testcase classname="day44.PaymentTest" name="paymentRupees" time="0.007"/>
  <testcase classname="day44.PaymentTest" name="paymentDollar" time="0.005"/>
</testsuite> <!-- day44.PaymentTest -->
