<?xml version="1.0" encoding="UTF-8"?>
<!-- Generated by org.testng.reporters.JUnitReportReporter -->
<testsuite hostname="LIN-PG02LRAW" failures="0" tests="3" name="day44.LoginTests" time="0.033" errors="0" timestamp="2024-12-23T16:12:17 IST" skipped="0">
  <testcase classname="day44.LoginTests" name="loginByEmail" time="0.025"/>
  <testcase classname="day44.LoginTests" name="loginByFacebook" time="0.003"/>
  <testcase classname="day44.LoginTests" name="loginByInstagram" time="0.005"/>
</testsuite> <!-- day44.LoginTests -->
