<?xml version="1.0" encoding="UTF-8"?>
<!-- Generated by org.testng.reporters.JUnitReportReporter -->
<testsuite hostname="LIN-PG02LRAW" failures="0" tests="1" name="officeTraining.GoogleSearchTestNG" time="1.184" errors="0" timestamp="2024-12-03T16:55:09 IST" skipped="0">
  <testcase classname="officeTraining.GoogleSearchTestNG" name="testCase" time="1.184"/>
</testsuite> <!-- officeTraining.GoogleSearchTestNG -->
