<?xml version="1.0" encoding="UTF-8"?>
<!-- Generated by org.testng.reporters.JUnitReportReporter -->
<testsuite hostname="LIN-PG02LRAW" failures="0" tests="2" name="day43.Annotationdemo2" time="0.019" errors="0" timestamp="2024-12-24T13:58:33 IST" skipped="0">
  <testcase classname="day43.Annotationdemo2" name="search" time="0.017"/>
  <testcase classname="day43.Annotationdemo2" name="advanceSearch" time="0.002"/>
</testsuite> <!-- day43.Annotationdemo2 -->
