<?xml version="1.0" encoding="UTF-8"?>
<!-- Generated by org.testng.reporters.JUnitReportReporter -->
<testsuite hostname="LIN-PG02LRAW" failures="0" tests="5" name="day44.dependency" time="0.090" errors="0" timestamp="2024-12-23T14:25:05 IST" skipped="0">
  <testcase classname="day44.dependency" name="openapp" time="0.059"/>
  <testcase classname="day44.dependency" name="login" time="0.008"/>
  <testcase classname="day44.dependency" name="search" time="0.007"/>
  <testcase classname="day44.dependency" name="advanceSearch" time="0.010"/>
  <testcase classname="day44.dependency" name="logout" time="0.006"/>
</testsuite> <!-- day44.dependency -->
