<?xml version="1.0" encoding="UTF-8"?>
<!-- Generated by org.testng.reporters.JUnitReportReporter -->
<testsuite hostname="LIN-PG02LRAW" failures="0" tests="3" name="day44.SignUpTest" time="0.049" errors="0" timestamp="2024-12-23T16:08:51 IST" skipped="0">
  <testcase classname="day44.SignUpTest" name="signUpEmail" time="0.037"/>
  <testcase classname="day44.SignUpTest" name="signUpFacebook" time="0.006"/>
  <testcase classname="day44.SignUpTest" name="signUpInstagram" time="0.006"/>
</testsuite> <!-- day44.SignUpTest -->
